<?xml version="1.0" encoding="UTF-8"?>
<!-- Generated by org.testng.reporters.JUnitXMLReporter -->
<testsuite ignored="0" hostname="JyothiLaptop" failures="0" tests="4" name="Test" time="23.852" errors="0" timestamp="2020-12-15T12:57:09 EST">
  <testcase classname="learnTestNG.BasicsTestNG" name="googleLogoTest" time="0.007"/>
  <testcase classname="learnTestNG.BasicsTestNG" name="googleSearchTest" time="0.001"/>
  <testcase classname="learnTestNG.BasicsTestNG" name="googleTitleTest" time="0.001"/>
  <testcase classname="learnTestNG.GoogleTestNG" name="getTitleTest" time="11.35"/>
</testsuite> <!-- Test -->
