<?xml version="1.0" encoding="UTF-8"?>
<testng-results ignored="0" total="1" passed="1" failed="0" skipped="0">
  <reporter-output>
  </reporter-output>
  <suite started-at="2021-02-05T17:23:25 EST" name="Default suite" finished-at="2021-02-05T17:23:48 EST" duration-ms="23199">
    <groups>
      <group name="googlegroups">
        <method signature="GoogleTestNG.getTitleTest()[pri:0, instance:learnTestNG.GoogleTestNG@313b2ea6]" name="getTitleTest" class="learnTestNG.GoogleTestNG"/>
      </group> <!-- googlegroups -->
    </groups>
    <test started-at="2021-02-05T17:23:25 EST" name="Default test" finished-at="2021-02-05T17:23:48 EST" duration-ms="23199">
      <class name="learnTestNG.GoogleTestNG">
        <test-method is-config="true" signature="setBrowser()[pri:0, instance:learnTestNG.GoogleTestNG@313b2ea6]" started-at="2021-02-05T17:23:25 EST" name="setBrowser" finished-at="2021-02-05T17:23:28 EST" duration-ms="2954" status="PASS">
          <reporter-output>
          </reporter-output>
        </test-method> <!-- setBrowser -->
        <test-method signature="getTitleTest()[pri:0, instance:learnTestNG.GoogleTestNG@313b2ea6]" started-at="2021-02-05T17:23:28 EST" name="getTitleTest" finished-at="2021-02-05T17:23:41 EST" duration-ms="13495" status="PASS">
          <reporter-output>
          </reporter-output>
        </test-method> <!-- getTitleTest -->
        <test-method is-config="true" signature="tearDown()[pri:0, instance:learnTestNG.GoogleTestNG@313b2ea6]" started-at="2021-02-05T17:23:41 EST" name="tearDown" finished-at="2021-02-05T17:23:48 EST" duration-ms="6688" status="PASS">
          <reporter-output>
          </reporter-output>
        </test-method> <!-- tearDown -->
      </class> <!-- learnTestNG.GoogleTestNG -->
    </test> <!-- Default test -->
  </suite> <!-- Default suite -->
</testng-results>
